C:\Users\Admin\source\repos\chrisk357\MyStoreWeb\MyStoreWeb\wwwroot\clientapp\out-tsc\app\shared\product.js
C:\Users\Admin\source\repos\chrisk357\MyStoreWeb\MyStoreWeb\wwwroot\clientapp\out-tsc\app\shared\product.js.map
C:\Users\Admin\source\repos\chrisk357\MyStoreWeb\MyStoreWeb\wwwroot\clientapp\out-tsc\app\app.component.js
C:\Users\Admin\source\repos\chrisk357\MyStoreWeb\MyStoreWeb\wwwroot\clientapp\out-tsc\app\app.component.js.map
C:\Users\Admin\source\repos\chrisk357\MyStoreWeb\MyStoreWeb\wwwroot\clientapp\out-tsc\app\shared\order.js
C:\Users\Admin\source\repos\chrisk357\MyStoreWeb\MyStoreWeb\wwwroot\clientapp\out-tsc\app\shared\order.js.map
C:\Users\Admin\source\repos\chrisk357\MyStoreWeb\MyStoreWeb\wwwroot\clientapp\out-tsc\app\shared\dataService.js
C:\Users\Admin\source\repos\chrisk357\MyStoreWeb\MyStoreWeb\wwwroot\clientapp\out-tsc\app\shared\dataService.js.map
C:\Users\Admin\source\repos\chrisk357\MyStoreWeb\MyStoreWeb\wwwroot\clientapp\out-tsc\app\shop\productList.component.js
C:\Users\Admin\source\repos\chrisk357\MyStoreWeb\MyStoreWeb\wwwroot\clientapp\out-tsc\app\shop\productList.component.js.map
C:\Users\Admin\source\repos\chrisk357\MyStoreWeb\MyStoreWeb\wwwroot\clientapp\out-tsc\app\shop\cart.component.js
C:\Users\Admin\source\repos\chrisk357\MyStoreWeb\MyStoreWeb\wwwroot\clientapp\out-tsc\app\shop\cart.component.js.map
C:\Users\Admin\source\repos\chrisk357\MyStoreWeb\MyStoreWeb\wwwroot\clientapp\out-tsc\app\shop\shop.component.js
C:\Users\Admin\source\repos\chrisk357\MyStoreWeb\MyStoreWeb\wwwroot\clientapp\out-tsc\app\shop\shop.component.js.map
C:\Users\Admin\source\repos\chrisk357\MyStoreWeb\MyStoreWeb\wwwroot\clientapp\out-tsc\app\checkout\checkout.component.js
C:\Users\Admin\source\repos\chrisk357\MyStoreWeb\MyStoreWeb\wwwroot\clientapp\out-tsc\app\checkout\checkout.component.js.map
C:\Users\Admin\source\repos\chrisk357\MyStoreWeb\MyStoreWeb\wwwroot\clientapp\out-tsc\app\login\login.component.js
C:\Users\Admin\source\repos\chrisk357\MyStoreWeb\MyStoreWeb\wwwroot\clientapp\out-tsc\app\login\login.component.js.map
C:\Users\Admin\source\repos\chrisk357\MyStoreWeb\MyStoreWeb\wwwroot\clientapp\out-tsc\app\app.module.js
C:\Users\Admin\source\repos\chrisk357\MyStoreWeb\MyStoreWeb\wwwroot\clientapp\out-tsc\app\app.module.js.map
C:\Users\Admin\source\repos\chrisk357\MyStoreWeb\MyStoreWeb\wwwroot\clientapp\out-tsc\environments\environment.js
C:\Users\Admin\source\repos\chrisk357\MyStoreWeb\MyStoreWeb\wwwroot\clientapp\out-tsc\environments\environment.js.map
C:\Users\Admin\source\repos\chrisk357\MyStoreWeb\MyStoreWeb\wwwroot\clientapp\out-tsc\main.js
C:\Users\Admin\source\repos\chrisk357\MyStoreWeb\MyStoreWeb\wwwroot\clientapp\out-tsc\main.js.map
C:\Users\Admin\source\repos\chrisk357\MyStoreWeb\MyStoreWeb\wwwroot\clientapp\out-tsc\polyfills.js
C:\Users\Admin\source\repos\chrisk357\MyStoreWeb\MyStoreWeb\wwwroot\clientapp\out-tsc\polyfills.js.map
C:\Users\Admin\source\repos\chrisk357\MyStoreWeb\MyStoreWeb\wwwroot\clientapp\out-tsc\test.js
C:\Users\Admin\source\repos\chrisk357\MyStoreWeb\MyStoreWeb\wwwroot\clientapp\out-tsc\test.js.map
C:\Users\Admin\source\repos\chrisk357\MyStoreWeb\MyStoreWeb\wwwroot\clientapp\out-tsc\environments\environment.prod.js
C:\Users\Admin\source\repos\chrisk357\MyStoreWeb\MyStoreWeb\wwwroot\clientapp\out-tsc\environments\environment.prod.js.map
